<?xml version="1.0" encoding="UTF-8"?>
<testsuite xmlns:xsi="http://www.w3.org/2001/XMLSchema-instance" xsi:noNamespaceSchemaLocation="https://maven.apache.org/surefire/maven-surefire-plugin/xsd/surefire-test-report-3.0.xsd" version="3.0" name="com.primust.sdk.PrimustSdkTest" time="0.166" tests="21" errors="0" skipped="0" failures="0">
  <properties>
[...]
</properties>
  <testcase name="visibilityModeValues" classname="com.primust.sdk.PrimustSdkTest" time="0.011"/>
  <testcase name="sameInputSameCommitment" classname="com.primust.sdk.PrimustSdkTest" time="0.112"/>
  <testcase name="differentInputDifferentCommitment" classname="com.primust.sdk.PrimustSdkTest" time="0.002"/>
  <testcase name="recordInputDefaultVisibility" classname="com.primust.sdk.PrimustSdkTest" time="0.0"/>
  <testcase name="recordOnClosedRunThrows" classname="com.primust.sdk.PrimustSdkTest" time="0.003"/>
  <testcase name="recordInputRequiresCheck" classname="com.primust.sdk.PrimustSdkTest" time="0.001"/>
  <testcase name="chainHashesUnique" classname="com.primust.sdk.PrimustSdkTest" time="0.002"/>
  <testcase name="missingApiKeyThrows" classname="com.primust.sdk.PrimustSdkTest" time="0.002"/>
  <testcase name="doubleCloseThrows" classname="com.primust.sdk.PrimustSdkTest" time="0.003"/>
  <testcase name="closeReturnsVpecWithGap" classname="com.primust.sdk.PrimustSdkTest" time="0.002"/>
  <testcase name="testModeFromKeyPrefix" classname="com.primust.sdk.PrimustSdkTest" time="0.001"/>
  <testcase name="vpecIsClean" classname="com.primust.sdk.PrimustSdkTest" time="0.001"/>
  <testcase name="jsonSerialization" classname="com.primust.sdk.PrimustSdkTest" time="0.0"/>
  <testcase name="liveModeFromKeyPrefix" classname="com.primust.sdk.PrimustSdkTest" time="0.001"/>
  <testcase name="jsonRoundTrip" classname="com.primust.sdk.PrimustSdkTest" time="0.0"/>
  <testcase name="builderCreates" classname="com.primust.sdk.PrimustSdkTest" time="0.001"/>
  <testcase name="recordInputFull" classname="com.primust.sdk.PrimustSdkTest" time="0.0"/>
  <testcase name="proofLevelOrdering" classname="com.primust.sdk.PrimustSdkTest" time="0.0"/>
  <testcase name="checkResultValues" classname="com.primust.sdk.PrimustSdkTest" time="0.0"/>
  <testcase name="recordInputStringCheckResult" classname="com.primust.sdk.PrimustSdkTest" time="0.0"/>
  <testcase name="runRecordProducesCommitment" classname="com.primust.sdk.PrimustSdkTest" time="0.004"/>
</testsuite>