<?xml version="1.0" encoding="UTF-8"?>
<testsuite xmlns:xsi="http://www.w3.org/2001/XMLSchema-instance" xsi:noNamespaceSchemaLocation="https://maven.apache.org/surefire/maven-surefire-plugin/xsd/surefire-test-report-3.0.xsd" version="3.0" name="com.primust.drools.PrimustDroolsTest" time="0.088" tests="4" errors="0" skipped="0" failures="0">
  <properties>
[...]
</properties>
  <testcase name="adapterCreatesWithDefaults" classname="com.primust.drools.PrimustDroolsTest" time="0.073"/>
  <testcase name="factsCommitmentDeterministic" classname="com.primust.drools.PrimustDroolsTest" time="0.005"/>
  <testcase name="ruleNamesCommitted" classname="com.primust.drools.PrimustDroolsTest" time="0.001"/>
  <testcase name="surfaceDeclaration" classname="com.primust.drools.PrimustDroolsTest" time="0.0"/>
</testsuite>